<?xml version="1.0" encoding="UTF-8"?>
<robot generator="Robot 7.0 (Python 3.11.8 on win32)" generated="2024-02-12T21:00:02.980203" rpa="false" schemaversion="5">
<suite id="s1" name="Book1" source="C:\Users\Jan 'S3' Prawira\Documents\quiz4-jan\sanber53-quiz4-kelompok7\Suites\Book1.robot">
<test id="s1-t1" name="Book flight normally" line="7">
<kw name="Open Flight Application" owner="base">
<kw name="Open Application" owner="AppiumLibrary">
<arg>remote_url=${REMOTE_URL}</arg>
<arg>platformName=${PLATFORM_NAME}</arg>
<arg>platformVersion=12.0</arg>
<arg>deviceName=emulator-5554</arg>
<arg>appPackage=com.example.myapplication</arg>
<arg>appActivity=com.example.myapplication.MainActivity</arg>
<doc>Opens a new application to given Appium server.
Capabilities of appium server, Android and iOS,
Please check https://github.com/appium/appium/blob/master/docs/en/writing-running-appium/server-args.md
| *Option*            | *Man.* | *Description*     |
| remote_url          | Yes    | Appium server url |
| alias               | no     | alias             |
| strict_ssl          | No     | allows you to send commands to an invalid certificate host like a self-signed one. |</doc>
<status status="PASS" start="2024-02-12T21:00:03.193608" elapsed="8.000941"/>
</kw>
<status status="PASS" start="2024-02-12T21:00:03.192610" elapsed="8.003057"/>
</kw>
<kw name="Click Sign In Button On Home Page" owner="home-page">
<kw name="Click Element" owner="AppiumLibrary">
<msg time="2024-02-12T21:00:11.198183" level="INFO">Clicking element '//android.widget.Button[@resource-id="com.example.myapplication:id/login"]'.</msg>
<msg time="2024-02-12T21:00:12.161366" level="INFO">xpath criteria: //android.widget.Button[@resource-id="com.example.myapplication:id/login"]</msg>
<arg>locator=${login_btn}</arg>
<doc>Click element identified by `locator`.</doc>
<status status="PASS" start="2024-02-12T21:00:11.196667" elapsed="0.964699"/>
</kw>
<status status="PASS" start="2024-02-12T21:00:11.195667" elapsed="0.965699"/>
</kw>
<kw name="Input Valid Username" owner="login-page">
<kw name="Wait Until Element Is Visible" owner="AppiumLibrary">
<msg time="2024-02-12T21:00:13.146706" level="INFO">xpath criteria: //android.widget.EditText[@resource-id="com.example.myapplication:id/username"]
xpath criteria: //android.widget.EditText[@resource-id="com.example.myapplication:id/username"]</msg>
<arg>locator=${username_input}</arg>
<doc>Waits until element specified with `locator` is visible.</doc>
<status status="PASS" start="2024-02-12T21:00:12.162363" elapsed="0.984343"/>
</kw>
<kw name="Input Text" owner="AppiumLibrary">
<msg time="2024-02-12T21:00:13.150246" level="INFO">Typing text 'support@ngendigital.com' into text field '//android.widget.EditText[@resource-id="com.example.myapplication:id/username"]'</msg>
<msg time="2024-02-12T21:00:13.312402" level="INFO">xpath criteria: //android.widget.EditText[@resource-id="com.example.myapplication:id/username"]</msg>
<arg>locator=${username_input}</arg>
<arg>text=support@ngendigital.com</arg>
<doc>Types the given `text` into text field identified by `locator`.</doc>
<status status="PASS" start="2024-02-12T21:00:13.148222" elapsed="0.164180"/>
</kw>
<status status="PASS" start="2024-02-12T21:00:12.161366" elapsed="1.151036"/>
</kw>
<kw name="Input Valid Password" owner="login-page">
<kw name="Wait Until Element Is Visible" owner="AppiumLibrary">
<msg time="2024-02-12T21:00:13.878307" level="INFO">xpath criteria: //android.widget.EditText[@resource-id="com.example.myapplication:id/password"]</msg>
<arg>locator=${password_input}</arg>
<doc>Waits until element specified with `locator` is visible.</doc>
<status status="PASS" start="2024-02-12T21:00:13.313399" elapsed="0.564908"/>
</kw>
<kw name="Input Text" owner="AppiumLibrary">
<msg time="2024-02-12T21:00:13.879814" level="INFO">Typing text 'abc123' into text field '//android.widget.EditText[@resource-id="com.example.myapplication:id/password"]'</msg>
<msg time="2024-02-12T21:00:13.948560" level="INFO">xpath criteria: //android.widget.EditText[@resource-id="com.example.myapplication:id/password"]</msg>
<arg>locator=${password_input}</arg>
<arg>text=abc123</arg>
<doc>Types the given `text` into text field identified by `locator`.</doc>
<status status="PASS" start="2024-02-12T21:00:13.878307" elapsed="0.070253"/>
</kw>
<status status="PASS" start="2024-02-12T21:00:13.312402" elapsed="0.636158"/>
</kw>
<kw name="Click Sign In Button On Login page" owner="login-page">
<kw name="Wait Until Element Is Visible" owner="AppiumLibrary">
<msg time="2024-02-12T21:00:14.498057" level="INFO">xpath criteria: //android.widget.Button[@resource-id="com.example.myapplication:id/signIn"]</msg>
<arg>locator=//android.widget.Button[@resource-id="com.example.myapplication:id/signIn"]</arg>
<doc>Waits until element specified with `locator` is visible.</doc>
<status status="PASS" start="2024-02-12T21:00:13.949862" elapsed="0.548195"/>
</kw>
<kw name="Click Element" owner="AppiumLibrary">
<msg time="2024-02-12T21:00:14.500070" level="INFO">Clicking element '//android.widget.Button[@resource-id="com.example.myapplication:id/signIn"]'.</msg>
<msg time="2024-02-12T21:00:14.602697" level="INFO">xpath criteria: //android.widget.Button[@resource-id="com.example.myapplication:id/signIn"]</msg>
<arg>locator=//android.widget.Button[@resource-id="com.example.myapplication:id/signIn"]</arg>
<doc>Click element identified by `locator`.</doc>
<status status="PASS" start="2024-02-12T21:00:14.498057" elapsed="0.105644"/>
</kw>
<status status="PASS" start="2024-02-12T21:00:13.949862" elapsed="0.653839"/>
</kw>
<kw name="Verify User Is Success Logged In" owner="login-page">
<kw name="Wait Until Page Contains" owner="AppiumLibrary">
<arg>text=Sign Out</arg>
<doc>Waits until `text` appears on current page.</doc>
<status status="PASS" start="2024-02-12T21:00:14.603701" elapsed="0.698963"/>
</kw>
<status status="PASS" start="2024-02-12T21:00:14.603701" elapsed="0.698963"/>
</kw>
<kw name="Click Book Button on Home Page" owner="home-page">
<kw name="Click Element" owner="AppiumLibrary">
<msg time="2024-02-12T21:00:15.305656" level="INFO">Clicking element '//android.widget.Button[@resource-id="com.example.myapplication:id/book"]'.</msg>
<msg time="2024-02-12T21:00:15.411238" level="INFO">xpath criteria: //android.widget.Button[@resource-id="com.example.myapplication:id/book"]</msg>
<arg>locator=${book_btn}</arg>
<doc>Click element identified by `locator`.</doc>
<status status="PASS" start="2024-02-12T21:00:15.303662" elapsed="0.107576"/>
</kw>
<status status="PASS" start="2024-02-12T21:00:15.303662" elapsed="0.107576"/>
</kw>
<kw name="Choose Flight Only" owner="Book-page">
<kw name="Wait Until Element Is Visible" owner="AppiumLibrary">
<msg time="2024-02-12T21:00:16.382211" level="INFO">xpath criteria: //android.widget.RadioButton[@resource-id="com.example.myapplication:id/radioButtonFlight"]
xpath criteria: //android.widget.RadioButton[@resource-id="com.example.myapplication:id/radioButtonFlight"]</msg>
<arg>locator=${FlightOnly_radioBtn}</arg>
<doc>Waits until element specified with `locator` is visible.</doc>
<status status="PASS" start="2024-02-12T21:00:15.412236" elapsed="0.969975"/>
</kw>
<kw name="Click Element" owner="AppiumLibrary">
<msg time="2024-02-12T21:00:16.384727" level="INFO">Clicking element '//android.widget.RadioButton[@resource-id="com.example.myapplication:id/radioButtonFlight"]'.</msg>
<msg time="2024-02-12T21:00:16.497796" level="INFO">xpath criteria: //android.widget.RadioButton[@resource-id="com.example.myapplication:id/radioButtonFlight"]</msg>
<arg>locator=${FlightOnly_radioBtn}</arg>
<doc>Click element identified by `locator`.</doc>
<status status="PASS" start="2024-02-12T21:00:16.382211" elapsed="0.115585"/>
</kw>
<status status="PASS" start="2024-02-12T21:00:15.412236" elapsed="1.085560"/>
</kw>
<kw name="Click Book flight button" owner="Book-page">
<kw name="Click Element" owner="AppiumLibrary">
<msg time="2024-02-12T21:00:16.500559" level="INFO">Clicking element '//android.widget.Button[@resource-id="com.example.myapplication:id/book_flight"]'.</msg>
<msg time="2024-02-12T21:00:17.163337" level="INFO">xpath criteria: //android.widget.Button[@resource-id="com.example.myapplication:id/book_flight"]</msg>
<arg>locator=${bookFlight_btn}</arg>
<doc>Click element identified by `locator`.</doc>
<status status="PASS" start="2024-02-12T21:00:16.499559" elapsed="0.663778"/>
</kw>
<status status="PASS" start="2024-02-12T21:00:16.498301" elapsed="0.665036"/>
</kw>
<kw name="Click Price" owner="Book-page">
<kw name="Wait Until Element Is Visible" owner="AppiumLibrary">
<msg time="2024-02-12T21:00:17.953311" level="INFO">xpath criteria: //android.widget.Button[@resource-id="com.example.myapplication:id/price1"]
xpath criteria: //android.widget.Button[@resource-id="com.example.myapplication:id/price1"]</msg>
<arg>locator=${Price1_btn}</arg>
<doc>Waits until element specified with `locator` is visible.</doc>
<status status="PASS" start="2024-02-12T21:00:17.163337" elapsed="0.789974"/>
</kw>
<kw name="Click Element" owner="AppiumLibrary">
<msg time="2024-02-12T21:00:17.955306" level="INFO">Clicking element '//android.widget.Button[@resource-id="com.example.myapplication:id/price1"]'.</msg>
<msg time="2024-02-12T21:00:18.039793" level="INFO">xpath criteria: //android.widget.Button[@resource-id="com.example.myapplication:id/price1"]</msg>
<arg>locator=${Price1_btn}</arg>
<doc>Click element identified by `locator`.</doc>
<status status="PASS" start="2024-02-12T21:00:17.953311" elapsed="0.086482"/>
</kw>
<status status="PASS" start="2024-02-12T21:00:17.163337" elapsed="0.876456"/>
</kw>
<kw name="Click confirm order" owner="Book-page">
<kw name="Wait Until Element Is Visible" owner="AppiumLibrary">
<msg time="2024-02-12T21:00:18.761452" level="INFO">xpath criteria: //android.widget.Button[@resource-id="com.example.myapplication:id/confirm_order"]</msg>
<arg>locator=${confirmOrder_btn}</arg>
<doc>Waits until element specified with `locator` is visible.</doc>
<status status="PASS" start="2024-02-12T21:00:18.040795" elapsed="0.720657"/>
</kw>
<kw name="Click Element" owner="AppiumLibrary">
<msg time="2024-02-12T21:00:18.763966" level="INFO">Clicking element '//android.widget.Button[@resource-id="com.example.myapplication:id/confirm_order"]'.</msg>
<msg time="2024-02-12T21:00:18.873901" level="INFO">xpath criteria: //android.widget.Button[@resource-id="com.example.myapplication:id/confirm_order"]</msg>
<arg>locator=${confirmOrder_btn}</arg>
<doc>Click element identified by `locator`.</doc>
<status status="PASS" start="2024-02-12T21:00:18.762960" elapsed="0.110941"/>
</kw>
<status status="PASS" start="2024-02-12T21:00:18.040795" elapsed="0.833106"/>
</kw>
<kw name="Verify done order" owner="Book-page">
<kw name="Wait Until Page Contains" owner="AppiumLibrary">
<arg>text=Your flight is booked. Reservation number is CADX2214</arg>
<doc>Waits until `text` appears on current page.</doc>
<status status="PASS" start="2024-02-12T21:00:18.874901" elapsed="0.674115"/>
</kw>
<status status="PASS" start="2024-02-12T21:00:18.873901" elapsed="0.675115"/>
</kw>
<status status="PASS" start="2024-02-12T21:00:03.192610" elapsed="16.356406"/>
</test>
<status status="PASS" start="2024-02-12T21:00:02.981207" elapsed="16.568809"/>
</suite>
<statistics>
<total>
<stat pass="1" fail="0" skip="0">All Tests</stat>
</total>
<tag>
</tag>
<suite>
<stat pass="1" fail="0" skip="0" id="s1" name="Book1">Book1</stat>
</suite>
</statistics>
<errors>
</errors>
</robot>
